<?xml version="1.0" encoding="UTF-8"?>
<coverage generated="1785272112665" clover="3.2.0">
  <project timestamp="1785272112665" name="All files">
    <metrics statements="25" coveredstatements="22" conditionals="14" coveredconditionals="14" methods="7" coveredmethods="5" elements="46" coveredelements="41" complexity="0" loc="25" ncloc="25" packages="4" files="5" classes="5"/>
    <package name="Component testing.src.components">
      <metrics statements="8" coveredstatements="8" conditionals="4" coveredconditionals="4" methods="2" coveredmethods="2"/>
      <file name="OptometryDiscountCard.tsx" path="C:\Users\IQ KILLER AM\coding\react-learning\Day_12\Component testing\src\components\OptometryDiscountCard.tsx">
        <metrics statements="8" coveredstatements="8" conditionals="4" coveredconditionals="4" methods="2" coveredmethods="2"/>
        <line num="12" count="1" type="stmt"/>
        <line num="13" count="3" type="stmt"/>
        <line num="14" count="3" type="stmt"/>
        <line num="16" count="3" type="stmt"/>
        <line num="18" count="1" type="stmt"/>
        <line num="19" count="1" type="stmt"/>
        <line num="20" count="1" type="stmt"/>
        <line num="23" count="3" type="stmt"/>
      </file>
    </package>
    <package name="Mocking modules.src.services">
      <metrics statements="7" coveredstatements="4" conditionals="2" coveredconditionals="2" methods="3" coveredmethods="1"/>
      <file name="orderService.ts" path="C:\Users\IQ KILLER AM\coding\react-learning\Day_12\Mocking modules\src\services\orderService.ts">
        <metrics statements="4" coveredstatements="4" conditionals="2" coveredconditionals="2" methods="1" coveredmethods="1"/>
        <line num="15" count="2" type="stmt"/>
        <line num="17" count="2" type="cond" truecount="2" falsecount="0"/>
        <line num="18" count="1" type="stmt"/>
        <line num="21" count="1" type="stmt"/>
      </file>
      <file name="supplierApi.ts" path="C:\Users\IQ KILLER AM\coding\react-learning\Day_12\Mocking modules\src\services\supplierApi.ts">
        <metrics statements="3" coveredstatements="0" conditionals="0" coveredconditionals="0" methods="2" coveredmethods="0"/>
        <line num="7" count="0" type="stmt"/>
        <line num="10" count="0" type="stmt"/>
        <line num="13" count="0" type="stmt"/>
      </file>
    </package>
    <package name="Snapshot testing.src.components">
      <metrics statements="2" coveredstatements="2" conditionals="0" coveredconditionals="0" methods="1" coveredmethods="1"/>
      <file name="OptometryReceiptHeader.tsx" path="C:\Users\IQ KILLER AM\coding\react-learning\Day_12\Snapshot testing\src\components\OptometryReceiptHeader.tsx">
        <metrics statements="2" coveredstatements="2" conditionals="0" coveredconditionals="0" methods="1" coveredmethods="1"/>
        <line num="14" count="1" type="stmt"/>
        <line num="20" count="1" type="stmt"/>
      </file>
    </package>
    <package name="Unit testing.src.utils">
      <metrics statements="8" coveredstatements="8" conditionals="8" coveredconditionals="8" methods="1" coveredmethods="1"/>
      <file name="optometryMath.ts" path="C:\Users\IQ KILLER AM\coding\react-learning\Day_12\Unit testing\src\utils\optometryMath.ts">
        <metrics statements="8" coveredstatements="8" conditionals="8" coveredconditionals="8" methods="1" coveredmethods="1"/>
        <line num="18" count="3" type="cond" truecount="2" falsecount="0"/>
        <line num="19" count="1" type="stmt"/>
        <line num="22" count="2" type="stmt"/>
        <line num="25" count="2" type="cond" truecount="4" falsecount="0"/>
        <line num="26" count="1" type="stmt"/>
        <line num="30" count="2" type="cond" truecount="2" falsecount="0"/>
        <line num="31" count="1" type="stmt"/>
        <line num="34" count="2" type="stmt"/>
      </file>
    </package>
  </project>
</coverage>
