{"C:\\Users\\IQ KILLER AM\\coding\\react-learning\\Day_12\\Component testing\\src\\components\\OptometryDiscountCard.tsx": {"path":"C:\\Users\\IQ KILLER AM\\coding\\react-learning\\Day_12\\Component testing\\src\\components\\OptometryDiscountCard.tsx","statementMap":{"0":{"start":{"line":12,"column":13},"end":{"line":45,"column":null}},"1":{"start":{"line":13,"column":28},"end":{"line":13,"column":null}},"2":{"start":{"line":14,"column":52},"end":{"line":14,"column":null}},"3":{"start":{"line":16,"column":8},"end":{"line":21,"column":null}},"4":{"start":{"line":18,"column":28},"end":{"line":18,"column":null}},"5":{"start":{"line":19,"column":4},"end":{"line":19,"column":null}},"6":{"start":{"line":20,"column":4},"end":{"line":20,"column":null}},"7":{"start":{"line":23,"column":2},"end":{"line":43,"column":null}}},"fnMap":{"0":{"name":"(anonymous_0)","decl":{"start":{"line":12,"column":13},"end":{"line":12,"column":38}},"loc":{"start":{"line":12,"column":81},"end":{"line":45,"column":null}},"line":12},"1":{"name":"(anonymous_1)","decl":{"start":{"line":16,"column":8},"end":{"line":16,"column":36}},"loc":{"start":{"line":16,"column":36},"end":{"line":21,"column":null}},"line":16}},"branchMap":{"0":{"loc":{"start":{"line":36,"column":10},"end":{"line":38,"column":null}},"type":"cond-expr","locations":[{"start":{"line":37,"column":14},"end":{"line":37,"column":null}},{"start":{"line":38,"column":14},"end":{"line":38,"column":null}}],"line":36},"1":{"loc":{"start":{"line":41,"column":9},"end":{"line":41,"column":null}},"type":"cond-expr","locations":[{"start":{"line":41,"column":29},"end":{"line":41,"column":50}},{"start":{"line":41,"column":50},"end":{"line":41,"column":null}}],"line":41}},"s":{"0":1,"1":3,"2":3,"3":3,"4":1,"5":1,"6":1,"7":3},"f":{"0":3,"1":1},"b":{"0":[1,2],"1":[1,2]},"meta":{"lastBranch":2,"lastFunction":2,"lastStatement":8,"seen":{"s:12:13:45:Infinity":0,"f:12:13:12:38":0,"s:13:28:13:Infinity":1,"s:14:52:14:Infinity":2,"s:16:8:21:Infinity":3,"f:16:8:16:36":1,"s:18:28:18:Infinity":4,"s:19:4:19:Infinity":5,"s:20:4:20:Infinity":6,"s:23:2:43:Infinity":7,"b:37:14:37:Infinity:38:14:38:Infinity":0,"b:41:29:41:50:41:50:41:Infinity":1},"fnNames":{}}}
,"C:\\Users\\IQ KILLER AM\\coding\\react-learning\\Day_12\\Mocking modules\\src\\services\\orderService.ts": {"path":"C:\\Users\\IQ KILLER AM\\coding\\react-learning\\Day_12\\Mocking modules\\src\\services\\orderService.ts","statementMap":{"0":{"start":{"line":15,"column":22},"end":{"line":15,"column":null}},"1":{"start":{"line":17,"column":2},"end":{"line":19,"column":null}},"2":{"start":{"line":18,"column":4},"end":{"line":18,"column":null}},"3":{"start":{"line":21,"column":2},"end":{"line":25,"column":null}}},"fnMap":{"0":{"name":"createPatientOrder","decl":{"start":{"line":13,"column":22},"end":{"line":13,"column":41}},"loc":{"start":{"line":13,"column":106},"end":{"line":26,"column":null}},"line":13}},"branchMap":{"0":{"loc":{"start":{"line":17,"column":2},"end":{"line":19,"column":null}},"type":"if","locations":[{"start":{"line":17,"column":2},"end":{"line":19,"column":null}},{"start":{},"end":{}}],"line":17}},"s":{"0":2,"1":2,"2":1,"3":1},"f":{"0":2},"b":{"0":[1,1]},"meta":{"lastBranch":1,"lastFunction":1,"lastStatement":4,"seen":{"f:13:22:13:41":0,"s:15:22:15:Infinity":0,"b:17:2:19:Infinity:undefined:undefined:undefined:undefined":0,"s:17:2:19:Infinity":1,"s:18:4:18:Infinity":2,"s:21:2:25:Infinity":3},"fnNames":{}}}
,"C:\\Users\\IQ KILLER AM\\coding\\react-learning\\Day_12\\Mocking modules\\src\\services\\supplierApi.ts": {"path":"C:\\Users\\IQ KILLER AM\\coding\\react-learning\\Day_12\\Mocking modules\\src\\services\\supplierApi.ts","statementMap":{"0":{"start":{"line":7,"column":2},"end":{"line":7,"column":null}},"1":{"start":{"line":10,"column":2},"end":{"line":10,"column":null}},"2":{"start":{"line":10,"column":33},"end":{"line":10,"column":58}},"3":{"start":{"line":13,"column":2},"end":{"line":13,"column":null}}},"fnMap":{"0":{"name":"checkLensStockInItaly","decl":{"start":{"line":6,"column":22},"end":{"line":6,"column":44}},"loc":{"start":{"line":6,"column":79},"end":{"line":14,"column":null}},"line":6},"1":{"name":"(anonymous_1)","decl":{"start":{"line":10,"column":12},"end":{"line":10,"column":21}},"loc":{"start":{"line":10,"column":33},"end":{"line":10,"column":58}},"line":10}},"branchMap":{},"s":{"0":0,"1":0,"2":0,"3":0},"f":{"0":0,"1":0},"b":{},"meta":{"lastBranch":0,"lastFunction":2,"lastStatement":4,"seen":{"f:6:22:6:44":0,"s:7:2:7:Infinity":0,"s:10:2:10:Infinity":1,"f:10:12:10:21":1,"s:10:33:10:58":2,"s:13:2:13:Infinity":3},"fnNames":{}}}
,"C:\\Users\\IQ KILLER AM\\coding\\react-learning\\Day_12\\Snapshot testing\\src\\components\\OptometryReceiptHeader.tsx": {"path":"C:\\Users\\IQ KILLER AM\\coding\\react-learning\\Day_12\\Snapshot testing\\src\\components\\OptometryReceiptHeader.tsx","statementMap":{"0":{"start":{"line":14,"column":13},"end":{"line":41,"column":null}},"1":{"start":{"line":20,"column":2},"end":{"line":39,"column":null}}},"fnMap":{"0":{"name":"(anonymous_0)","decl":{"start":{"line":14,"column":13},"end":{"line":14,"column":39}},"loc":{"start":{"line":19,"column":13},"end":{"line":41,"column":null}},"line":19}},"branchMap":{},"s":{"0":1,"1":1},"f":{"0":1},"b":{},"meta":{"lastBranch":0,"lastFunction":1,"lastStatement":2,"seen":{"s:14:13:41:Infinity":0,"f:14:13:14:39":0,"s:20:2:39:Infinity":1},"fnNames":{}}}
,"C:\\Users\\IQ KILLER AM\\coding\\react-learning\\Day_12\\Unit testing\\src\\utils\\optometryMath.ts": {"path":"C:\\Users\\IQ KILLER AM\\coding\\react-learning\\Day_12\\Unit testing\\src\\utils\\optometryMath.ts","statementMap":{"0":{"start":{"line":18,"column":2},"end":{"line":20,"column":null}},"1":{"start":{"line":19,"column":4},"end":{"line":19,"column":null}},"2":{"start":{"line":22,"column":14},"end":{"line":22,"column":null}},"3":{"start":{"line":25,"column":2},"end":{"line":27,"column":null}},"4":{"start":{"line":26,"column":4},"end":{"line":26,"column":null}},"5":{"start":{"line":30,"column":2},"end":{"line":32,"column":null}},"6":{"start":{"line":31,"column":4},"end":{"line":31,"column":null}},"7":{"start":{"line":34,"column":2},"end":{"line":34,"column":null}}},"fnMap":{"0":{"name":"calculateLensOrderTotal","decl":{"start":{"line":17,"column":16},"end":{"line":17,"column":40}},"loc":{"start":{"line":17,"column":71},"end":{"line":35,"column":null}},"line":17}},"branchMap":{"0":{"loc":{"start":{"line":18,"column":2},"end":{"line":20,"column":null}},"type":"if","locations":[{"start":{"line":18,"column":2},"end":{"line":20,"column":null}},{"start":{},"end":{}}],"line":18},"1":{"loc":{"start":{"line":25,"column":2},"end":{"line":27,"column":null}},"type":"if","locations":[{"start":{"line":25,"column":2},"end":{"line":27,"column":null}},{"start":{},"end":{}}],"line":25},"2":{"loc":{"start":{"line":25,"column":6},"end":{"line":25,"column":63}},"type":"binary-expr","locations":[{"start":{"line":25,"column":6},"end":{"line":25,"column":36}},{"start":{"line":25,"column":36},"end":{"line":25,"column":63}}],"line":25},"3":{"loc":{"start":{"line":30,"column":2},"end":{"line":32,"column":null}},"type":"if","locations":[{"start":{"line":30,"column":2},"end":{"line":32,"column":null}},{"start":{},"end":{}}],"line":30}},"s":{"0":3,"1":1,"2":2,"3":2,"4":1,"5":2,"6":1,"7":2},"f":{"0":3},"b":{"0":[1,2],"1":[1,1],"2":[2,1],"3":[1,1]},"meta":{"lastBranch":4,"lastFunction":1,"lastStatement":8,"seen":{"f:17:16:17:40":0,"b:18:2:20:Infinity:undefined:undefined:undefined:undefined":0,"s:18:2:20:Infinity":0,"s:19:4:19:Infinity":1,"s:22:14:22:Infinity":2,"b:25:2:27:Infinity:undefined:undefined:undefined:undefined":1,"s:25:2:27:Infinity":3,"b:25:6:25:36:25:36:25:63":2,"s:26:4:26:Infinity":4,"b:30:2:32:Infinity:undefined:undefined:undefined:undefined":3,"s:30:2:32:Infinity":5,"s:31:4:31:Infinity":6,"s:34:2:34:Infinity":7},"fnNames":{}}}
}
